<?xml version="1.0" encoding="UTF-8"?>
<!-- Generated by org.testng.reporters.JUnitReportReporter -->
<testsuite hostname="MAHIBALRATHORE" failures="0" tests="2" name="practise.TestNGCreatingContactTest" time="107.141" errors="0" timestamp="2021-12-26T16:59:49 IST" skipped="0">
  <testcase classname="practise.TestNGCreatingContactTest" name="CreatingContact" time="50.080"/>
  <system-out/>
  <testcase classname="practise.TestNGCreatingContactTest" name="createOrganizationTest" time="57.061"/>
  <system-out/>
</testsuite> <!-- practise.TestNGCreatingContactTest -->
