<?xml version="1.0" encoding="UTF-8"?>
<!-- Generated by org.testng.reporters.JUnitReportReporter -->
<testsuite hostname="MAHIBALRATHORE" failures="0" tests="5" name="practise.TestNGPractise" time="0.075" errors="0" timestamp="2021-12-24T09:26:23 IST" skipped="0">
  <testcase classname="practise.TestNGPractise" name="readDataFromDataProviderTest" time="0.005"/>
  <system-out/>
  <testcase classname="practise.TestNGPractise" name="readDataFromDataProviderTest" time="0.026"/>
  <system-out/>
  <testcase classname="practise.TestNGPractise" name="readDataFromDataProviderTest" time="0.028"/>
  <system-out/>
  <testcase classname="practise.TestNGPractise" name="readDataFromDataProviderTest" time="0.011"/>
  <system-out/>
  <testcase classname="practise.TestNGPractise" name="readDataFromDataProviderTest" time="0.005"/>
  <system-out/>
</testsuite> <!-- practise.TestNGPractise -->
