<?xml version="1.0" encoding="UTF-8"?>
<!-- Generated by org.testng.reporters.JUnitReportReporter -->
<testsuite hostname="MAHIBALRATHORE" failures="0" tests="4" name="practise.TestNGVTigerTest" time="169.624" errors="0" timestamp="2021-12-27T12:00:13 IST" skipped="0">
  <testcase classname="practise.TestNGVTigerTest" name="createContactEnableReferenceTest" time="31.357"/>
  <system-out/>
  <testcase classname="practise.TestNGVTigerTest" name="createContactWithOrgTest" time="61.277"/>
  <system-out/>
  <testcase classname="practise.TestNGVTigerTest" name="creatOrgWithIndustry" time="45.134"/>
  <system-out/>
  <testcase classname="practise.TestNGVTigerTest" name="createContactEnableNotifyOwnerTest" time="31.856"/>
  <system-out/>
</testsuite> <!-- practise.TestNGVTigerTest -->
