<?xml version="1.0" encoding="UTF-8"?>
<!-- Generated by org.testng.reporters.JUnitReportReporter -->
<testsuite hostname="MAHIBALRATHORE" failures="0" tests="1" name="practise.TestNGCreateContactWthOrg" time="69.980" errors="0" timestamp="2021-12-27T15:59:23 IST" skipped="0">
  <testcase classname="practise.TestNGCreateContactWthOrg" name="createContactWithOrgTest" time="69.980"/>
  <system-out/>
</testsuite> <!-- practise.TestNGCreateContactWthOrg -->
